[00:45:23] [Server thread/INFO]: Starting minecraft server version 1.12.2
[00:45:23] [Server thread/INFO]: Loading properties
[00:45:23] [Server thread/INFO]: Default game type: SURVIVAL
[00:45:23] [Server thread/INFO]: Generating keypair
[00:45:23] [Server thread/INFO]: Starting Minecraft server on *:25565
[00:45:23] [Server thread/INFO]: Using epoll channel type
[00:45:23] [Server thread/INFO]: Preparing level "world"
[00:45:23] [Server thread/INFO]: Loaded 488 advancements
[00:45:23] [Server thread/WARN]: Unable to find spawn biome
[00:45:24] [Server thread/INFO]: Preparing start region for level 0
[00:45:25] [Server thread/INFO]: Preparing spawn area: 8%
[00:45:26] [Server thread/INFO]: Preparing spawn area: 19%
[00:45:27] [Server thread/INFO]: Preparing spawn area: 29%
[00:45:28] [Server thread/INFO]: Preparing spawn area: 41%
[00:45:29] [Server thread/INFO]: Preparing spawn area: 54%
[00:45:30] [Server thread/INFO]: Preparing spawn area: 67%
[00:45:31] [Server thread/INFO]: Preparing spawn area: 84%
[00:45:32] [Server thread/INFO]: Done (8.798s)! For help, type "help" or "?"
[00:45:42] [Server thread/INFO]: Stopping the server
[00:45:43] [Server thread/INFO]: Stopping server
[00:45:43] [Server thread/INFO]: Saving players
[00:45:43] [Server thread/INFO]: Saving worlds
[00:45:43] [Server thread/INFO]: Saving chunks for level 'world'/overworld
[00:45:43] [Server thread/INFO]: Saving chunks for level 'world'/the_nether
[00:45:43] [Server thread/INFO]: Saving chunks for level 'world'/the_end
[00:45:43] [Server Shutdown Thread/INFO]: Stopping server
